<?xml version="1.0" encoding="UTF-8"?>
<!-- Generated by org.testng.reporters.JUnitReportReporter -->
<testsuite skipped="0" hostname="BANLW728ABA224" name="com.selenium.tests.TestCustomerForm" tests="1" failures="0" timestamp="23 Feb 2019 08:28:42 GMT" time="0.872" errors="0">
  <testcase name="testInvalidCustomerDetails" time="0.872" classname="com.selenium.tests.TestCustomerForm"/>
</testsuite> <!-- com.selenium.tests.TestCustomerForm -->
